
The following files have been resolved:
   org.eclipse.jetty:jetty-xml:jar:9.2.14.v20151106:compile
   org.glassfish.hk2:hk2-utils:jar:2.5.0-b32:compile
   org.glassfish.jersey.containers:jersey-container-servlet:jar:2.25.1:compile
   org.glassfish.jersey.bundles.repackaged:jersey-guava:jar:2.25.1:compile
   org.glassfish.jersey.core:jersey-common:jar:2.25.1:compile
   org.glassfish.jersey.core:jersey-server:jar:2.25.1:compile
   org.javassist:javassist:jar:3.20.0-GA:compile
   org.eclipse.jetty:jetty-server:jar:9.2.14.v20151106:compile
   org.glassfish.hk2:hk2-locator:jar:2.5.0-b32:compile
   org.eclipse.jetty:jetty-continuation:jar:9.2.14.v20151106:compile
   org.eclipse.jetty:jetty-io:jar:9.2.14.v20151106:compile
   org.eclipse.jetty:jetty-security:jar:9.2.14.v20151106:compile
   com.fasterxml.jackson.core:jackson-core:jar:2.6.1:compile
   net.bytebuddy:byte-buddy-agent:jar:1.6.11:runtime
   org.glassfish.jersey.core:jersey-client:jar:2.25.1:compile
   com.fasterxml.jackson.jaxrs:jackson-jaxrs-json-provider:jar:2.6.1:compile
   org.glassfish.jersey.media:jersey-media-jaxb:jar:2.25.1:compile
   org.glassfish.hk2.external:aopalliance-repackaged:jar:2.5.0-b32:compile
   org.glassfish.hk2.external:javax.inject:jar:2.5.0-b32:compile
   org.glassfish.jersey.media:jersey-media-json-jackson:jar:2.25.1:compile
   org.eclipse.jetty:jetty-http:jar:9.2.14.v20151106:compile
   javax.annotation:javax.annotation-api:jar:1.2:compile
   com.fasterxml.jackson.core:jackson-databind:jar:2.6.1:compile
   org.glassfish.hk2:hk2-api:jar:2.5.0-b32:compile
   org.objenesis:objenesis:jar:2.5:runtime
   com.fasterxml.jackson.jaxrs:jackson-jaxrs-base:jar:2.8.4:compile
   org.eclipse.jetty:jetty-util:jar:9.2.14.v20151106:compile
   asm:asm:jar:3.3.1:compile
   org.mockito:mockito-core:jar:2.7.21:compile
   org.hamcrest:hamcrest-core:jar:1.3:compile
   javax.servlet:javax.servlet-api:jar:3.1.0:compile
   org.glassfish.hk2:osgi-resource-locator:jar:1.0.1:compile
   org.json:json:jar:20140107:compile
   org.glassfish.jersey.ext:jersey-entity-filtering:jar:2.25.1:compile
   org.eclipse.jetty:jetty-webapp:jar:9.2.14.v20151106:compile
   javax.ws.rs:javax.ws.rs-api:jar:2.0.1:compile
   org.glassfish.jersey.containers:jersey-container-jetty-servlet:jar:2.25.1:compile
   junit:junit:jar:4.12:compile
   org.glassfish.jersey.containers:jersey-container-servlet-core:jar:2.25.1:compile
   org.eclipse.jetty:jetty-servlet:jar:9.2.14.v20151106:compile
   javax.validation:validation-api:jar:1.1.0.Final:compile
   org.glassfish.jersey.containers:jersey-container-jetty-http:jar:2.25.1:compile
   com.fasterxml.jackson.module:jackson-module-jaxb-annotations:jar:2.6.1:compile
   net.bytebuddy:byte-buddy:jar:1.6.11:runtime
   com.fasterxml.jackson.core:jackson-annotations:jar:2.8.4:compile

